This file contains any messages produced by compilers while
running configure, to aid debugging if configure makes a mistake.

It was created by killer configure 1, which was
generated by GNU Autoconf 2.69.  Invocation command line was

  $ ./configure 

## --------- ##
## Platform. ##
## --------- ##

hostname = thunder-box
uname -m = x86_64
uname -r = 4.8.0-54-generic
uname -s = Linux
uname -v = #57~16.04.1-Ubuntu SMP Wed May 24 16:22:28 UTC 2017

/usr/bin/uname -p = unknown
/bin/uname -X     = unknown

/bin/arch              = unknown
/usr/bin/arch -k       = unknown
/usr/convex/getsysinfo = unknown
/usr/bin/hostinfo      = unknown
/bin/machine           = unknown
/usr/bin/oslevel       = unknown
/bin/universe          = unknown

PATH: /home/shadowthrone/perl5/bin
PATH: /home/shadowthrone/anaconda3/bin
PATH: /home/shadowthrone/.composer/vendor/bin
PATH: /home/shadowthrone/bin/perl_scripts
PATH: /opt/eclipse
PATH: /home/shadowthrone/bin
PATH: /usr/local/sbin
PATH: /usr/local/bin
PATH: /usr/sbin
PATH: /usr/bin
PATH: /sbin
PATH: /bin
PATH: /usr/games
PATH: /usr/local/games
PATH: /home/shadowthrone/lingo15
PATH: /home/shadowthrone/lingo15
PATH: /opt/microchip/xc8/v1.38/bin
PATH: /usr/share/pk2/


## ----------- ##
## Core tests. ##
## ----------- ##

configure:2285: checking for pkg-config
configure:2303: found /usr/bin/pkg-config
configure:2315: result: /usr/bin/pkg-config
configure:2340: checking pkg-config is at least version 0.9.0
configure:2343: result: yes
configure:2353: checking for GLIB
configure:2360: $PKG_CONFIG --exists --print-errors "glib-2.0 gobject-2.0"
configure:2363: $? = 0
configure:2377: $PKG_CONFIG --exists --print-errors "glib-2.0 gobject-2.0"
configure:2380: $? = 0
configure:2438: result: yes
configure:2526: checking for gcc
configure:2542: found /usr/bin/gcc
configure:2553: result: gcc
configure:2782: checking for C compiler version
configure:2791: gcc --version >&5
gcc (Ubuntu 5.4.0-6ubuntu1~16.04.5) 5.4.0 20160609
Copyright (C) 2015 Free Software Foundation, Inc.
This is free software; see the source for copying conditions.  There is NO
warranty; not even for MERCHANTABILITY or FITNESS FOR A PARTICULAR PURPOSE.

configure:2802: $? = 0
configure:2791: gcc -v >&5
Using built-in specs.
COLLECT_GCC=gcc
COLLECT_LTO_WRAPPER=/usr/lib/gcc/x86_64-linux-gnu/5/lto-wrapper
Target: x86_64-linux-gnu
Configured with: ../src/configure -v --with-pkgversion='Ubuntu 5.4.0-6ubuntu1~16.04.5' --with-bugurl=file:///usr/share/doc/gcc-5/README.Bugs --enable-languages=c,ada,c++,java,go,d,fortran,objc,obj-c++ --prefix=/usr --program-suffix=-5 --enable-shared --enable-linker-build-id --libexecdir=/usr/lib --without-included-gettext --enable-threads=posix --libdir=/usr/lib --enable-nls --with-sysroot=/ --enable-clocale=gnu --enable-libstdcxx-debug --enable-libstdcxx-time=yes --with-default-libstdcxx-abi=new --enable-gnu-unique-object --disable-vtable-verify --enable-libmpx --enable-plugin --with-system-zlib --disable-browser-plugin --enable-java-awt=gtk --enable-gtk-cairo --with-java-home=/usr/lib/jvm/java-1.5.0-gcj-5-amd64/jre --enable-java-home --with-jvm-root-dir=/usr/lib/jvm/java-1.5.0-gcj-5-amd64 --with-jvm-jar-dir=/usr/lib/jvm-exports/java-1.5.0-gcj-5-amd64 --with-arch-directory=amd64 --with-ecj-jar=/usr/share/java/eclipse-ecj.jar --enable-objc-gc --enable-multiarch --disable-werror --with-arch-32=i686 --with-abi=m64 --with-multilib-list=m32,m64,mx32 --enable-multilib --with-tune=generic --enable-checking=release --build=x86_64-linux-gnu --host=x86_64-linux-gnu --target=x86_64-linux-gnu
Thread model: posix
gcc version 5.4.0 20160609 (Ubuntu 5.4.0-6ubuntu1~16.04.5) 
configure:2802: $? = 0
configure:2791: gcc -V >&5
gcc: error: unrecognized command line option '-V'
gcc: fatal error: no input files
compilation terminated.
configure:2802: $? = 1
configure:2791: gcc -qversion >&5
gcc: error: unrecognized command line option '-qversion'
gcc: fatal error: no input files
compilation terminated.
configure:2802: $? = 1
configure:2822: checking whether the C compiler works
configure:2844: gcc    conftest.c  >&5
configure:2848: $? = 0
configure:2896: result: yes
configure:2899: checking for C compiler default output file name
configure:2901: result: a.out
configure:2907: checking for suffix of executables
configure:2914: gcc -o conftest    conftest.c  >&5
configure:2918: $? = 0
configure:2940: result: 
configure:2962: checking whether we are cross compiling
configure:2970: gcc -o conftest    conftest.c  >&5
configure:2974: $? = 0
configure:2981: ./conftest
configure:2985: $? = 0
configure:3000: result: no
configure:3005: checking for suffix of object files
configure:3027: gcc -c   conftest.c >&5
configure:3031: $? = 0
configure:3052: result: o
configure:3056: checking whether we are using the GNU C compiler
configure:3075: gcc -c   conftest.c >&5
configure:3075: $? = 0
configure:3084: result: yes
configure:3093: checking whether gcc accepts -g
configure:3113: gcc -c -g  conftest.c >&5
configure:3113: $? = 0
configure:3154: result: yes
configure:3171: checking for gcc option to accept ISO C89
configure:3234: gcc  -c -g -O2  conftest.c >&5
configure:3234: $? = 0
configure:3247: result: none needed
configure:3272: checking whether gcc understands -c and -o together
configure:3294: gcc -c conftest.c -o conftest2.o
configure:3297: $? = 0
configure:3294: gcc -c conftest.c -o conftest2.o
configure:3297: $? = 0
configure:3309: result: yes
configure:3327: checking for pcap_lookupdev in -lpcap
configure:3352: gcc -o conftest -g -O2   conftest.c -lpcap   >&5
configure:3352: $? = 0
configure:3361: result: yes
configure:3390: checking for a BSD-compatible install
configure:3458: result: /usr/bin/install -c
configure:3469: checking whether build environment is sane
configure:3524: result: yes
configure:3672: checking for a thread-safe mkdir -p
configure:3711: result: /bin/mkdir -p
configure:3718: checking for gawk
configure:3734: found /usr/bin/gawk
configure:3745: result: gawk
configure:3756: checking whether make sets $(MAKE)
configure:3778: result: yes
configure:3808: checking for style of include used by make
configure:3836: result: GNU
configure:3870: checking whether make supports nested variables
configure:3887: result: yes
configure:3972: checking dependency style of gcc
configure:4083: result: gcc3
configure:4189: checking for gcc
configure:4216: result: gcc
configure:4445: checking for C compiler version
configure:4454: gcc --version >&5
gcc (Ubuntu 5.4.0-6ubuntu1~16.04.5) 5.4.0 20160609
Copyright (C) 2015 Free Software Foundation, Inc.
This is free software; see the source for copying conditions.  There is NO
warranty; not even for MERCHANTABILITY or FITNESS FOR A PARTICULAR PURPOSE.

configure:4465: $? = 0
configure:4454: gcc -v >&5
Using built-in specs.
COLLECT_GCC=gcc
COLLECT_LTO_WRAPPER=/usr/lib/gcc/x86_64-linux-gnu/5/lto-wrapper
Target: x86_64-linux-gnu
Configured with: ../src/configure -v --with-pkgversion='Ubuntu 5.4.0-6ubuntu1~16.04.5' --with-bugurl=file:///usr/share/doc/gcc-5/README.Bugs --enable-languages=c,ada,c++,java,go,d,fortran,objc,obj-c++ --prefix=/usr --program-suffix=-5 --enable-shared --enable-linker-build-id --libexecdir=/usr/lib --without-included-gettext --enable-threads=posix --libdir=/usr/lib --enable-nls --with-sysroot=/ --enable-clocale=gnu --enable-libstdcxx-debug --enable-libstdcxx-time=yes --with-default-libstdcxx-abi=new --enable-gnu-unique-object --disable-vtable-verify --enable-libmpx --enable-plugin --with-system-zlib --disable-browser-plugin --enable-java-awt=gtk --enable-gtk-cairo --with-java-home=/usr/lib/jvm/java-1.5.0-gcj-5-amd64/jre --enable-java-home --with-jvm-root-dir=/usr/lib/jvm/java-1.5.0-gcj-5-amd64 --with-jvm-jar-dir=/usr/lib/jvm-exports/java-1.5.0-gcj-5-amd64 --with-arch-directory=amd64 --with-ecj-jar=/usr/share/java/eclipse-ecj.jar --enable-objc-gc --enable-multiarch --disable-werror --with-arch-32=i686 --with-abi=m64 --with-multilib-list=m32,m64,mx32 --enable-multilib --with-tune=generic --enable-checking=release --build=x86_64-linux-gnu --host=x86_64-linux-gnu --target=x86_64-linux-gnu
Thread model: posix
gcc version 5.4.0 20160609 (Ubuntu 5.4.0-6ubuntu1~16.04.5) 
configure:4465: $? = 0
configure:4454: gcc -V >&5
gcc: error: unrecognized command line option '-V'
gcc: fatal error: no input files
compilation terminated.
configure:4465: $? = 1
configure:4454: gcc -qversion >&5
gcc: error: unrecognized command line option '-qversion'
gcc: fatal error: no input files
compilation terminated.
configure:4465: $? = 1
configure:4469: checking whether we are using the GNU C compiler
configure:4497: result: yes
configure:4506: checking whether gcc accepts -g
configure:4567: result: yes
configure:4584: checking for gcc option to accept ISO C89
configure:4660: result: none needed
configure:4685: checking whether gcc understands -c and -o together
configure:4722: result: yes
configure:4748: checking how to run the C preprocessor
configure:4779: gcc -E  conftest.c
configure:4779: $? = 0
configure:4793: gcc -E  conftest.c
conftest.c:12:28: fatal error: ac_nonexistent.h: No such file or directory
compilation terminated.
configure:4793: $? = 1
configure: failed program was:
| /* confdefs.h */
| #define PACKAGE_NAME "killer"
| #define PACKAGE_TARNAME "killer"
| #define PACKAGE_VERSION "1"
| #define PACKAGE_STRING "killer 1"
| #define PACKAGE_BUGREPORT "/dev/null"
| #define PACKAGE_URL ""
| #define HAVE_LIBPCAP 1
| #define PACKAGE "killer"
| #define VERSION "1"
| /* end confdefs.h.  */
| #include <ac_nonexistent.h>
configure:4818: result: gcc -E
configure:4838: gcc -E  conftest.c
configure:4838: $? = 0
configure:4852: gcc -E  conftest.c
conftest.c:12:28: fatal error: ac_nonexistent.h: No such file or directory
compilation terminated.
configure:4852: $? = 1
configure: failed program was:
| /* confdefs.h */
| #define PACKAGE_NAME "killer"
| #define PACKAGE_TARNAME "killer"
| #define PACKAGE_VERSION "1"
| #define PACKAGE_STRING "killer 1"
| #define PACKAGE_BUGREPORT "/dev/null"
| #define PACKAGE_URL ""
| #define HAVE_LIBPCAP 1
| #define PACKAGE "killer"
| #define VERSION "1"
| /* end confdefs.h.  */
| #include <ac_nonexistent.h>
configure:4881: checking for grep that handles long lines and -e
configure:4939: result: /bin/grep
configure:4944: checking for egrep
configure:5006: result: /bin/grep -E
configure:5011: checking for ANSI C header files
configure:5031: gcc -c -g -O2  conftest.c >&5
configure:5031: $? = 0
configure:5104: gcc -o conftest -g -O2   conftest.c -lpcap  >&5
configure:5104: $? = 0
configure:5104: ./conftest
configure:5104: $? = 0
configure:5115: result: yes
configure:5128: checking for sys/types.h
configure:5128: gcc -c -g -O2  conftest.c >&5
configure:5128: $? = 0
configure:5128: result: yes
configure:5128: checking for sys/stat.h
configure:5128: gcc -c -g -O2  conftest.c >&5
configure:5128: $? = 0
configure:5128: result: yes
configure:5128: checking for stdlib.h
configure:5128: gcc -c -g -O2  conftest.c >&5
configure:5128: $? = 0
configure:5128: result: yes
configure:5128: checking for string.h
configure:5128: gcc -c -g -O2  conftest.c >&5
configure:5128: $? = 0
configure:5128: result: yes
configure:5128: checking for memory.h
configure:5128: gcc -c -g -O2  conftest.c >&5
configure:5128: $? = 0
configure:5128: result: yes
configure:5128: checking for strings.h
configure:5128: gcc -c -g -O2  conftest.c >&5
configure:5128: $? = 0
configure:5128: result: yes
configure:5128: checking for inttypes.h
configure:5128: gcc -c -g -O2  conftest.c >&5
configure:5128: $? = 0
configure:5128: result: yes
configure:5128: checking for stdint.h
configure:5128: gcc -c -g -O2  conftest.c >&5
configure:5128: $? = 0
configure:5128: result: yes
configure:5128: checking for unistd.h
configure:5128: gcc -c -g -O2  conftest.c >&5
configure:5128: $? = 0
configure:5128: result: yes
configure:5143: checking arpa/inet.h usability
configure:5143: gcc -c -g -O2  conftest.c >&5
configure:5143: $? = 0
configure:5143: result: yes
configure:5143: checking arpa/inet.h presence
configure:5143: gcc -E  conftest.c
configure:5143: $? = 0
configure:5143: result: yes
configure:5143: checking for arpa/inet.h
configure:5143: result: yes
configure:5143: checking netinet/in.h usability
configure:5143: gcc -c -g -O2  conftest.c >&5
configure:5143: $? = 0
configure:5143: result: yes
configure:5143: checking netinet/in.h presence
configure:5143: gcc -E  conftest.c
configure:5143: $? = 0
configure:5143: result: yes
configure:5143: checking for netinet/in.h
configure:5143: result: yes
configure:5143: checking for stdlib.h
configure:5143: result: yes
configure:5143: checking for string.h
configure:5143: result: yes
configure:5143: checking sys/socket.h usability
configure:5143: gcc -c -g -O2  conftest.c >&5
configure:5143: $? = 0
configure:5143: result: yes
configure:5143: checking sys/socket.h presence
configure:5143: gcc -E  conftest.c
configure:5143: $? = 0
configure:5143: result: yes
configure:5143: checking for sys/socket.h
configure:5143: result: yes
configure:5143: checking for unistd.h
configure:5143: result: yes
configure:5158: checking for size_t
configure:5158: gcc -c -g -O2  conftest.c >&5
configure:5158: $? = 0
configure:5158: gcc -c -g -O2  conftest.c >&5
conftest.c: In function 'main':
conftest.c:64:21: error: expected expression before ')' token
 if (sizeof ((size_t)))
                     ^
configure:5158: $? = 1
configure: failed program was:
| /* confdefs.h */
| #define PACKAGE_NAME "killer"
| #define PACKAGE_TARNAME "killer"
| #define PACKAGE_VERSION "1"
| #define PACKAGE_STRING "killer 1"
| #define PACKAGE_BUGREPORT "/dev/null"
| #define PACKAGE_URL ""
| #define HAVE_LIBPCAP 1
| #define PACKAGE "killer"
| #define VERSION "1"
| #define STDC_HEADERS 1
| #define HAVE_SYS_TYPES_H 1
| #define HAVE_SYS_STAT_H 1
| #define HAVE_STDLIB_H 1
| #define HAVE_STRING_H 1
| #define HAVE_MEMORY_H 1
| #define HAVE_STRINGS_H 1
| #define HAVE_INTTYPES_H 1
| #define HAVE_STDINT_H 1
| #define HAVE_UNISTD_H 1
| #define HAVE_ARPA_INET_H 1
| #define HAVE_NETINET_IN_H 1
| #define HAVE_STDLIB_H 1
| #define HAVE_STRING_H 1
| #define HAVE_SYS_SOCKET_H 1
| #define HAVE_UNISTD_H 1
| /* end confdefs.h.  */
| #include <stdio.h>
| #ifdef HAVE_SYS_TYPES_H
| # include <sys/types.h>
| #endif
| #ifdef HAVE_SYS_STAT_H
| # include <sys/stat.h>
| #endif
| #ifdef STDC_HEADERS
| # include <stdlib.h>
| # include <stddef.h>
| #else
| # ifdef HAVE_STDLIB_H
| #  include <stdlib.h>
| # endif
| #endif
| #ifdef HAVE_STRING_H
| # if !defined STDC_HEADERS && defined HAVE_MEMORY_H
| #  include <memory.h>
| # endif
| # include <string.h>
| #endif
| #ifdef HAVE_STRINGS_H
| # include <strings.h>
| #endif
| #ifdef HAVE_INTTYPES_H
| # include <inttypes.h>
| #endif
| #ifdef HAVE_STDINT_H
| # include <stdint.h>
| #endif
| #ifdef HAVE_UNISTD_H
| # include <unistd.h>
| #endif
| int
| main ()
| {
| if (sizeof ((size_t)))
| 	    return 0;
|   ;
|   return 0;
| }
configure:5158: result: yes
configure:5173: checking for stdlib.h
configure:5173: result: yes
configure:5183: checking for GNU libc compatible malloc
configure:5207: gcc -o conftest -g -O2   conftest.c -lpcap  >&5
configure:5207: $? = 0
configure:5207: ./conftest
configure:5207: $? = 0
configure:5217: result: yes
configure:5240: checking for stdlib.h
configure:5240: result: yes
configure:5250: checking for GNU libc compatible realloc
configure:5274: gcc -o conftest -g -O2   conftest.c -lpcap  >&5
configure:5274: $? = 0
configure:5274: ./conftest
configure:5274: $? = 0
configure:5284: result: yes
configure:5307: checking for strdup
configure:5307: gcc -o conftest -g -O2   conftest.c -lpcap  >&5
conftest.c:55:6: warning: conflicting types for built-in function 'strdup'
 char strdup ();
      ^
configure:5307: $? = 0
configure:5307: result: yes
configure:5428: checking that generated files are newer than configure
configure:5434: result: done
configure:5457: creating ./config.status

## ---------------------- ##
## Running config.status. ##
## ---------------------- ##

This file was extended by killer config.status 1, which was
generated by GNU Autoconf 2.69.  Invocation command line was

  CONFIG_FILES    = 
  CONFIG_HEADERS  = 
  CONFIG_LINKS    = 
  CONFIG_COMMANDS = 
  $ ./config.status 

on thunder-box

config.status:870: creating Makefile
config.status:870: creating config.h
config.status:1051: config.h is unchanged
config.status:1099: executing depfiles commands

## ---------------- ##
## Cache variables. ##
## ---------------- ##

ac_cv_c_compiler_gnu=yes
ac_cv_env_CC_set=
ac_cv_env_CC_value=
ac_cv_env_CFLAGS_set=
ac_cv_env_CFLAGS_value=
ac_cv_env_CPPFLAGS_set=
ac_cv_env_CPPFLAGS_value=
ac_cv_env_CPP_set=
ac_cv_env_CPP_value=
ac_cv_env_GLIB_CFLAGS_set=
ac_cv_env_GLIB_CFLAGS_value=
ac_cv_env_GLIB_LIBS_set=
ac_cv_env_GLIB_LIBS_value=
ac_cv_env_LDFLAGS_set=
ac_cv_env_LDFLAGS_value=
ac_cv_env_LIBS_set=
ac_cv_env_LIBS_value=
ac_cv_env_PKG_CONFIG_LIBDIR_set=
ac_cv_env_PKG_CONFIG_LIBDIR_value=
ac_cv_env_PKG_CONFIG_PATH_set=
ac_cv_env_PKG_CONFIG_PATH_value=
ac_cv_env_PKG_CONFIG_set=
ac_cv_env_PKG_CONFIG_value=
ac_cv_env_build_alias_set=
ac_cv_env_build_alias_value=
ac_cv_env_host_alias_set=
ac_cv_env_host_alias_value=
ac_cv_env_target_alias_set=
ac_cv_env_target_alias_value=
ac_cv_func_malloc_0_nonnull=yes
ac_cv_func_realloc_0_nonnull=yes
ac_cv_func_strdup=yes
ac_cv_header_arpa_inet_h=yes
ac_cv_header_inttypes_h=yes
ac_cv_header_memory_h=yes
ac_cv_header_netinet_in_h=yes
ac_cv_header_stdc=yes
ac_cv_header_stdint_h=yes
ac_cv_header_stdlib_h=yes
ac_cv_header_string_h=yes
ac_cv_header_strings_h=yes
ac_cv_header_sys_socket_h=yes
ac_cv_header_sys_stat_h=yes
ac_cv_header_sys_types_h=yes
ac_cv_header_unistd_h=yes
ac_cv_lib_pcap_pcap_lookupdev=yes
ac_cv_objext=o
ac_cv_path_EGREP='/bin/grep -E'
ac_cv_path_GREP=/bin/grep
ac_cv_path_ac_pt_PKG_CONFIG=/usr/bin/pkg-config
ac_cv_path_install='/usr/bin/install -c'
ac_cv_path_mkdir=/bin/mkdir
ac_cv_prog_AWK=gawk
ac_cv_prog_CPP='gcc -E'
ac_cv_prog_ac_ct_CC=gcc
ac_cv_prog_cc_c89=
ac_cv_prog_cc_g=yes
ac_cv_prog_make_make_set=yes
ac_cv_type_size_t=yes
am_cv_CC_dependencies_compiler_type=gcc3
am_cv_make_support_nested_variables=yes
am_cv_prog_cc_c_o=yes
pkg_cv_GLIB_CFLAGS='-I/usr/include/glib-2.0 -I/usr/lib/x86_64-linux-gnu/glib-2.0/include'
pkg_cv_GLIB_LIBS='-lgobject-2.0 -lglib-2.0'

## ----------------- ##
## Output variables. ##
## ----------------- ##

ACLOCAL='${SHELL} /home/shadowthrone/whh_samples/c_code/wifikiller/missing aclocal-1.15'
AMDEPBACKSLASH='\'
AMDEP_FALSE='#'
AMDEP_TRUE=''
AMTAR='$${TAR-tar}'
AM_BACKSLASH='\'
AM_DEFAULT_V='$(AM_DEFAULT_VERBOSITY)'
AM_DEFAULT_VERBOSITY='1'
AM_V='$(V)'
AUTOCONF='${SHELL} /home/shadowthrone/whh_samples/c_code/wifikiller/missing autoconf'
AUTOHEADER='${SHELL} /home/shadowthrone/whh_samples/c_code/wifikiller/missing autoheader'
AUTOMAKE='${SHELL} /home/shadowthrone/whh_samples/c_code/wifikiller/missing automake-1.15'
AWK='gawk'
CC='gcc'
CCDEPMODE='depmode=gcc3'
CFLAGS='-g -O2'
CPP='gcc -E'
CPPFLAGS=''
CYGPATH_W='echo'
DEFS='-DHAVE_CONFIG_H'
DEPDIR='.deps'
ECHO_C=''
ECHO_N='-n'
ECHO_T=''
EGREP='/bin/grep -E'
EXEEXT=''
GLIB_CFLAGS='-I/usr/include/glib-2.0 -I/usr/lib/x86_64-linux-gnu/glib-2.0/include'
GLIB_LIBS='-lgobject-2.0 -lglib-2.0'
GREP='/bin/grep'
INSTALL_DATA='${INSTALL} -m 644'
INSTALL_PROGRAM='${INSTALL}'
INSTALL_SCRIPT='${INSTALL}'
INSTALL_STRIP_PROGRAM='$(install_sh) -c -s'
LDFLAGS=''
LIBOBJS=''
LIBS='-lpcap '
LTLIBOBJS=''
MAKEINFO='${SHELL} /home/shadowthrone/whh_samples/c_code/wifikiller/missing makeinfo'
MKDIR_P='/bin/mkdir -p'
OBJEXT='o'
PACKAGE='killer'
PACKAGE_BUGREPORT='/dev/null'
PACKAGE_NAME='killer'
PACKAGE_STRING='killer 1'
PACKAGE_TARNAME='killer'
PACKAGE_URL=''
PACKAGE_VERSION='1'
PATH_SEPARATOR=':'
PKG_CONFIG='/usr/bin/pkg-config'
PKG_CONFIG_LIBDIR=''
PKG_CONFIG_PATH=''
SET_MAKE=''
SHELL='/bin/bash'
STRIP=''
VERSION='1'
ac_ct_CC='gcc'
am__EXEEXT_FALSE=''
am__EXEEXT_TRUE='#'
am__fastdepCC_FALSE='#'
am__fastdepCC_TRUE=''
am__include='include'
am__isrc=''
am__leading_dot='.'
am__nodep='_no'
am__quote=''
am__tar='$${TAR-tar} chof - "$$tardir"'
am__untar='$${TAR-tar} xf -'
bindir='${exec_prefix}/bin'
build_alias=''
datadir='${datarootdir}'
datarootdir='${prefix}/share'
docdir='${datarootdir}/doc/${PACKAGE_TARNAME}'
dvidir='${docdir}'
exec_prefix='${prefix}'
host_alias=''
htmldir='${docdir}'
includedir='${prefix}/include'
infodir='${datarootdir}/info'
install_sh='${SHELL} /home/shadowthrone/whh_samples/c_code/wifikiller/install-sh'
libdir='${exec_prefix}/lib'
libexecdir='${exec_prefix}/libexec'
localedir='${datarootdir}/locale'
localstatedir='${prefix}/var'
mandir='${datarootdir}/man'
mkdir_p='$(MKDIR_P)'
oldincludedir='/usr/include'
pdfdir='${docdir}'
prefix='/usr/local'
program_transform_name='s,x,x,'
psdir='${docdir}'
runstatedir='${localstatedir}/run'
sbindir='${exec_prefix}/sbin'
sharedstatedir='${prefix}/com'
sysconfdir='${prefix}/etc'
target_alias=''

## ----------- ##
## confdefs.h. ##
## ----------- ##

/* confdefs.h */
#define PACKAGE_NAME "killer"
#define PACKAGE_TARNAME "killer"
#define PACKAGE_VERSION "1"
#define PACKAGE_STRING "killer 1"
#define PACKAGE_BUGREPORT "/dev/null"
#define PACKAGE_URL ""
#define HAVE_LIBPCAP 1
#define PACKAGE "killer"
#define VERSION "1"
#define STDC_HEADERS 1
#define HAVE_SYS_TYPES_H 1
#define HAVE_SYS_STAT_H 1
#define HAVE_STDLIB_H 1
#define HAVE_STRING_H 1
#define HAVE_MEMORY_H 1
#define HAVE_STRINGS_H 1
#define HAVE_INTTYPES_H 1
#define HAVE_STDINT_H 1
#define HAVE_UNISTD_H 1
#define HAVE_ARPA_INET_H 1
#define HAVE_NETINET_IN_H 1
#define HAVE_STDLIB_H 1
#define HAVE_STRING_H 1
#define HAVE_SYS_SOCKET_H 1
#define HAVE_UNISTD_H 1
#define HAVE_STDLIB_H 1
#define HAVE_MALLOC 1
#define HAVE_STDLIB_H 1
#define HAVE_REALLOC 1
#define HAVE_STRDUP 1

configure: exit 0

## ---------------------- ##
## Running config.status. ##
## ---------------------- ##

This file was extended by killer config.status 1, which was
generated by GNU Autoconf 2.69.  Invocation command line was

  CONFIG_FILES    = 
  CONFIG_HEADERS  = 
  CONFIG_LINKS    = 
  CONFIG_COMMANDS = 
  $ ./config.status Makefile depfiles

on thunder-box

config.status:870: creating Makefile
config.status:1099: executing depfiles commands
